<?xml version="1.0" encoding="UTF-8"?>
<testsuite name="New Account On UTest" tests="1" skipped="0" failures="0" errors="0" timestamp="2022-09-11T22:31:27" hostname="LAPTOP-LOBJVURG" time="57.469">
  <properties/>
  <testcase name="successful account creation" classname="New Account On UTest" time="57.469"/>
  <system-out><![CDATA[]]></system-out>
  <system-err><![CDATA[[Test worker] WARN net.thucydides.core.steps.BaseStepListener - stepStarted: net.thucydides.core.steps.ExecutedStepDescription@f9879ac
[Test worker] WARN net.thucydides.core.steps.BaseStepListener - stepStarted: net.thucydides.core.steps.ExecutedStepDescription@6cf31447
[Test worker] WARN net.thucydides.core.steps.BaseStepListener - stepStarted: net.thucydides.core.steps.ExecutedStepDescription@66bacdbc
sep 11, 2022 5:31:28 PM org.openqa.selenium.remote.DesiredCapabilities chrome
INFORMACIÓN: Using `new ChromeOptions()` is preferred to `DesiredCapabilities.chrome()`
[Test worker] INFO net.serenitybdd.core.webdriver.driverproviders.ProvideNewDriver - Instantiating driver
[Test worker] INFO net.serenitybdd.core.webdriver.driverproviders.ProvideNewDriver - Driver capabilities: Capabilities {acceptInsecureCerts: false, browserName: chrome, chrome.switches: --start-maximized, goog:chromeOptions: {args: [--start-maximized], extensions: []}, loggingPrefs: org.openqa.selenium.logging..., platform: ANY, version: }
Starting ChromeDriver 105.0.5195.52 (412c95e518836d8a7d97250d62b29c2ae6a26a85-refs/branch-heads/5195@{#853}) on port 34512
Only local connections are allowed.
Please see https://chromedriver.chromium.org/security-considerations for suggestions on keeping ChromeDriver safe.
ChromeDriver was started successfully.
sep 11, 2022 5:31:32 PM org.openqa.selenium.remote.ProtocolHandshake createSession
INFORMACIÓN: Detected dialect: W3C
[Test worker] WARN net.thucydides.core.steps.BaseStepListener - stepFinished: current outcome:successful account creation:Given user enters the UTest platform [Santiago load [Santiago opens the U test page]]
[Test worker] WARN net.thucydides.core.steps.BaseStepListener - stepFinished: current outcome:successful account creation:Given user enters the UTest platform [Santiago load [Santiago opens the U test page]]
[Test worker] WARN net.thucydides.core.steps.BaseStepListener - stepFinished: current outcome:successful account creation:Given user enters the UTest platform [Santiago load [Santiago opens the U test page]]
[Test worker] WARN net.thucydides.core.steps.BaseStepListener - stepStarted: net.thucydides.core.steps.ExecutedStepDescription@46039a21
[Test worker] WARN net.thucydides.core.steps.BaseStepListener - stepStarted: net.thucydides.core.steps.ExecutedStepDescription@4a92c6a9
[Test worker] WARN net.thucydides.core.steps.BaseStepListener - stepStarted: net.thucydides.core.steps.ExecutedStepDescription@315105f
[Test worker] WARN net.thucydides.core.steps.BaseStepListener - stepFinished: current outcome:successful account creation:Given user enters the UTest platform [Santiago load [Santiago opens the U test page]], When user registers their data and their devices
| strName | strLastName | strEmail | strMonth | strDay | strYear | strCity | strState | strZIP | strCountry | strOS | strVersion | strLanguage | strMobile | strModel | strOsMobile | strPassword | strConfirmPassword |
| Santiago | Diaz Pinzon | santiagodiaz640@gmail.com | January | 7 | 1999 | Barcelona | Murcia | 08001 | Spain | Windows | 10 | Spanish | Xiaomi | Redmi 9A | Android 11 | Choucair2021* | Choucair2021* | [Santiago star registration [Santiago clicks on button to start registration]]
[Test worker] WARN net.thucydides.core.steps.BaseStepListener - stepFinished: current outcome:successful account creation:Given user enters the UTest platform [Santiago load [Santiago opens the U test page]], When user registers their data and their devices
| strName | strLastName | strEmail | strMonth | strDay | strYear | strCity | strState | strZIP | strCountry | strOS | strVersion | strLanguage | strMobile | strModel | strOsMobile | strPassword | strConfirmPassword |
| Santiago | Diaz Pinzon | santiagodiaz640@gmail.com | January | 7 | 1999 | Barcelona | Murcia | 08001 | Spain | Windows | 10 | Spanish | Xiaomi | Redmi 9A | Android 11 | Choucair2021* | Choucair2021* | [Santiago star registration [Santiago clicks on button to start registration]]
[Test worker] WARN net.thucydides.core.steps.BaseStepListener - stepStarted: net.thucydides.core.steps.ExecutedStepDescription@39f5b723
[Test worker] WARN net.thucydides.core.steps.BaseStepListener - stepStarted: net.thucydides.core.steps.ExecutedStepDescription@46046c06
[Test worker] WARN net.thucydides.core.steps.BaseStepListener - stepFinished: current outcome:successful account creation:Given user enters the UTest platform [Santiago load [Santiago opens the U test page]], When user registers their data and their devices
| strName | strLastName | strEmail | strMonth | strDay | strYear | strCity | strState | strZIP | strCountry | strOS | strVersion | strLanguage | strMobile | strModel | strOsMobile | strPassword | strConfirmPassword |
| Santiago | Diaz Pinzon | santiagodiaz640@gmail.com | January | 7 | 1999 | Barcelona | Murcia | 08001 | Spain | Windows | 10 | Spanish | Xiaomi | Redmi 9A | Android 11 | Choucair2021* | Choucair2021* | [Santiago star registration [Santiago clicks on button to start registration], Santiago tell about your [Santiago enters 'Santiago' into when you write your first name]]
[Test worker] WARN net.thucydides.core.steps.BaseStepListener - stepStarted: net.thucydides.core.steps.ExecutedStepDescription@b27b210
[Test worker] WARN net.thucydides.core.steps.BaseStepListener - stepFinished: current outcome:successful account creation:Given user enters the UTest platform [Santiago load [Santiago opens the U test page]], When user registers their data and their devices
| strName | strLastName | strEmail | strMonth | strDay | strYear | strCity | strState | strZIP | strCountry | strOS | strVersion | strLanguage | strMobile | strModel | strOsMobile | strPassword | strConfirmPassword |
| Santiago | Diaz Pinzon | santiagodiaz640@gmail.com | January | 7 | 1999 | Barcelona | Murcia | 08001 | Spain | Windows | 10 | Spanish | Xiaomi | Redmi 9A | Android 11 | Choucair2021* | Choucair2021* | [Santiago star registration [Santiago clicks on button to start registration], Santiago tell about your [Santiago enters 'Santiago' into when you write your first name, Santiago enters 'Diaz Pinzon' into when you write your last name]]
[Test worker] WARN net.thucydides.core.steps.BaseStepListener - stepStarted: net.thucydides.core.steps.ExecutedStepDescription@4fb56bea
[Test worker] WARN net.thucydides.core.steps.BaseStepListener - stepFinished: current outcome:successful account creation:Given user enters the UTest platform [Santiago load [Santiago opens the U test page]], When user registers their data and their devices
| strName | strLastName | strEmail | strMonth | strDay | strYear | strCity | strState | strZIP | strCountry | strOS | strVersion | strLanguage | strMobile | strModel | strOsMobile | strPassword | strConfirmPassword |
| Santiago | Diaz Pinzon | santiagodiaz640@gmail.com | January | 7 | 1999 | Barcelona | Murcia | 08001 | Spain | Windows | 10 | Spanish | Xiaomi | Redmi 9A | Android 11 | Choucair2021* | Choucair2021* | [Santiago star registration [Santiago clicks on button to start registration], Santiago tell about your [Santiago enters 'Santiago' into when you write your first name, Santiago enters 'Diaz Pinzon' into when you write your last name, Santiago enters 'santiagodiaz640@gmail.com' into when you write your email]]
[Test worker] WARN net.thucydides.core.steps.BaseStepListener - stepStarted: net.thucydides.core.steps.ExecutedStepDescription@6c184d4d
[Test worker] WARN net.thucydides.core.steps.BaseStepListener - stepFinished: current outcome:successful account creation:Given user enters the UTest platform [Santiago load [Santiago opens the U test page]], When user registers their data and their devices
| strName | strLastName | strEmail | strMonth | strDay | strYear | strCity | strState | strZIP | strCountry | strOS | strVersion | strLanguage | strMobile | strModel | strOsMobile | strPassword | strConfirmPassword |
| Santiago | Diaz Pinzon | santiagodiaz640@gmail.com | January | 7 | 1999 | Barcelona | Murcia | 08001 | Spain | Windows | 10 | Spanish | Xiaomi | Redmi 9A | Android 11 | Choucair2021* | Choucair2021* | [Santiago star registration [Santiago clicks on button to start registration], Santiago tell about your [Santiago enters 'Santiago' into when you write your first name, Santiago enters 'Diaz Pinzon' into when you write your last name, Santiago enters 'santiagodiaz640@gmail.com' into when you write your email, Santiago select January on when you write the month of birthday]]
[Test worker] WARN net.thucydides.core.steps.BaseStepListener - stepStarted: net.thucydides.core.steps.ExecutedStepDescription@1a01d7f0
[Test worker] WARN net.thucydides.core.steps.BaseStepListener - stepFinished: current outcome:successful account creation:Given user enters the UTest platform [Santiago load [Santiago opens the U test page]], When user registers their data and their devices
| strName | strLastName | strEmail | strMonth | strDay | strYear | strCity | strState | strZIP | strCountry | strOS | strVersion | strLanguage | strMobile | strModel | strOsMobile | strPassword | strConfirmPassword |
| Santiago | Diaz Pinzon | santiagodiaz640@gmail.com | January | 7 | 1999 | Barcelona | Murcia | 08001 | Spain | Windows | 10 | Spanish | Xiaomi | Redmi 9A | Android 11 | Choucair2021* | Choucair2021* | [Santiago star registration [Santiago clicks on button to start registration], Santiago tell about your [Santiago enters 'Santiago' into when you write your first name, Santiago enters 'Diaz Pinzon' into when you write your last name, Santiago enters 'santiagodiaz640@gmail.com' into when you write your email, Santiago select January on when you write the month of birthday, Santiago select 7 on when you write the day of birthday]]
[Test worker] WARN net.thucydides.core.steps.BaseStepListener - stepStarted: net.thucydides.core.steps.ExecutedStepDescription@6ddee60f
[Test worker] WARN net.thucydides.core.steps.BaseStepListener - stepFinished: current outcome:successful account creation:Given user enters the UTest platform [Santiago load [Santiago opens the U test page]], When user registers their data and their devices
| strName | strLastName | strEmail | strMonth | strDay | strYear | strCity | strState | strZIP | strCountry | strOS | strVersion | strLanguage | strMobile | strModel | strOsMobile | strPassword | strConfirmPassword |
| Santiago | Diaz Pinzon | santiagodiaz640@gmail.com | January | 7 | 1999 | Barcelona | Murcia | 08001 | Spain | Windows | 10 | Spanish | Xiaomi | Redmi 9A | Android 11 | Choucair2021* | Choucair2021* | [Santiago star registration [Santiago clicks on button to start registration], Santiago tell about your [Santiago enters 'Santiago' into when you write your first name, Santiago enters 'Diaz Pinzon' into when you write your last name, Santiago enters 'santiagodiaz640@gmail.com' into when you write your email, Santiago select January on when you write the month of birthday, Santiago select 7 on when you write the day of birthday, Santiago select 1999 on when you write the year of birthday]]
[Test worker] WARN net.thucydides.core.steps.BaseStepListener - stepStarted: net.thucydides.core.steps.ExecutedStepDescription@4b8137c5
[Test worker] WARN net.thucydides.core.steps.BaseStepListener - stepFinished: current outcome:successful account creation:Given user enters the UTest platform [Santiago load [Santiago opens the U test page]], When user registers their data and their devices
| strName | strLastName | strEmail | strMonth | strDay | strYear | strCity | strState | strZIP | strCountry | strOS | strVersion | strLanguage | strMobile | strModel | strOsMobile | strPassword | strConfirmPassword |
| Santiago | Diaz Pinzon | santiagodiaz640@gmail.com | January | 7 | 1999 | Barcelona | Murcia | 08001 | Spain | Windows | 10 | Spanish | Xiaomi | Redmi 9A | Android 11 | Choucair2021* | Choucair2021* | [Santiago star registration [Santiago clicks on button to start registration], Santiago tell about your [Santiago enters 'Santiago' into when you write your first name, Santiago enters 'Diaz Pinzon' into when you write your last name, Santiago enters 'santiagodiaz640@gmail.com' into when you write your email, Santiago select January on when you write the month of birthday, Santiago select 7 on when you write the day of birthday, Santiago select 1999 on when you write the year of birthday, Santiago clicks on button to go to the next step]]
[Test worker] WARN net.thucydides.core.steps.BaseStepListener - stepFinished: current outcome:successful account creation:Given user enters the UTest platform [Santiago load [Santiago opens the U test page]], When user registers their data and their devices
| strName | strLastName | strEmail | strMonth | strDay | strYear | strCity | strState | strZIP | strCountry | strOS | strVersion | strLanguage | strMobile | strModel | strOsMobile | strPassword | strConfirmPassword |
| Santiago | Diaz Pinzon | santiagodiaz640@gmail.com | January | 7 | 1999 | Barcelona | Murcia | 08001 | Spain | Windows | 10 | Spanish | Xiaomi | Redmi 9A | Android 11 | Choucair2021* | Choucair2021* | [Santiago star registration [Santiago clicks on button to start registration], Santiago tell about your [Santiago enters 'Santiago' into when you write your first name, Santiago enters 'Diaz Pinzon' into when you write your last name, Santiago enters 'santiagodiaz640@gmail.com' into when you write your email, Santiago select January on when you write the month of birthday, Santiago select 7 on when you write the day of birthday, Santiago select 1999 on when you write the year of birthday, Santiago clicks on button to go to the next step]]
[Test worker] WARN net.thucydides.core.steps.BaseStepListener - stepStarted: net.thucydides.core.steps.ExecutedStepDescription@19fd43da
[Test worker] WARN net.thucydides.core.steps.BaseStepListener - stepStarted: net.thucydides.core.steps.ExecutedStepDescription@52c9d3d0
[Test worker] WARN net.thucydides.core.steps.BaseStepListener - stepFinished: current outcome:successful account creation:Given user enters the UTest platform [Santiago load [Santiago opens the U test page]], When user registers their data and their devices
| strName | strLastName | strEmail | strMonth | strDay | strYear | strCity | strState | strZIP | strCountry | strOS | strVersion | strLanguage | strMobile | strModel | strOsMobile | strPassword | strConfirmPassword |
| Santiago | Diaz Pinzon | santiagodiaz640@gmail.com | January | 7 | 1999 | Barcelona | Murcia | 08001 | Spain | Windows | 10 | Spanish | Xiaomi | Redmi 9A | Android 11 | Choucair2021* | Choucair2021* | [Santiago star registration [Santiago clicks on button to start registration], Santiago tell about your [Santiago enters 'Santiago' into when you write your first name, Santiago enters 'Diaz Pinzon' into when you write your last name, Santiago enters 'santiagodiaz640@gmail.com' into when you write your email, Santiago select January on when you write the month of birthday, Santiago select 7 on when you write the day of birthday, Santiago select 1999 on when you write the year of birthday, Santiago clicks on button to go to the next step], Santiago add your [Santiago clicks on when you write the city in which you live]]
[Test worker] WARN net.thucydides.core.steps.BaseStepListener - stepStarted: net.thucydides.core.steps.ExecutedStepDescription@3b0c3951
[Test worker] WARN net.thucydides.core.steps.BaseStepListener - stepFinished: current outcome:successful account creation:Given user enters the UTest platform [Santiago load [Santiago opens the U test page]], When user registers their data and their devices
| strName | strLastName | strEmail | strMonth | strDay | strYear | strCity | strState | strZIP | strCountry | strOS | strVersion | strLanguage | strMobile | strModel | strOsMobile | strPassword | strConfirmPassword |
| Santiago | Diaz Pinzon | santiagodiaz640@gmail.com | January | 7 | 1999 | Barcelona | Murcia | 08001 | Spain | Windows | 10 | Spanish | Xiaomi | Redmi 9A | Android 11 | Choucair2021* | Choucair2021* | [Santiago star registration [Santiago clicks on button to start registration], Santiago tell about your [Santiago enters 'Santiago' into when you write your first name, Santiago enters 'Diaz Pinzon' into when you write your last name, Santiago enters 'santiagodiaz640@gmail.com' into when you write your email, Santiago select January on when you write the month of birthday, Santiago select 7 on when you write the day of birthday, Santiago select 1999 on when you write the year of birthday, Santiago clicks on button to go to the next step], Santiago add your [Santiago clicks on when you write the city in which you live, Santiago enters 'Barcelona' into when you write the city in which you live]]
[Test worker] WARN net.thucydides.core.steps.BaseStepListener - stepStarted: net.thucydides.core.steps.ExecutedStepDescription@1fecfaea
[Test worker] WARN net.thucydides.core.steps.BaseStepListener - stepFinished: current outcome:successful account creation:Given user enters the UTest platform [Santiago load [Santiago opens the U test page]], When user registers their data and their devices
| strName | strLastName | strEmail | strMonth | strDay | strYear | strCity | strState | strZIP | strCountry | strOS | strVersion | strLanguage | strMobile | strModel | strOsMobile | strPassword | strConfirmPassword |
| Santiago | Diaz Pinzon | santiagodiaz640@gmail.com | January | 7 | 1999 | Barcelona | Murcia | 08001 | Spain | Windows | 10 | Spanish | Xiaomi | Redmi 9A | Android 11 | Choucair2021* | Choucair2021* | [Santiago star registration [Santiago clicks on button to start registration], Santiago tell about your [Santiago enters 'Santiago' into when you write your first name, Santiago enters 'Diaz Pinzon' into when you write your last name, Santiago enters 'santiagodiaz640@gmail.com' into when you write your email, Santiago select January on when you write the month of birthday, Santiago select 7 on when you write the day of birthday, Santiago select 1999 on when you write the year of birthday, Santiago clicks on button to go to the next step], Santiago add your [Santiago clicks on when you write the city in which you live, Santiago enters 'Barcelona' into when you write the city in which you live, Santiago enters ARROW_DOWN,ENTER into when you write the city in which you live]]
[Test worker] WARN net.thucydides.core.steps.BaseStepListener - stepStarted: net.thucydides.core.steps.ExecutedStepDescription@58f2466c
[Test worker] WARN net.thucydides.core.steps.BaseStepListener - stepFinished: current outcome:successful account creation:Given user enters the UTest platform [Santiago load [Santiago opens the U test page]], When user registers their data and their devices
| strName | strLastName | strEmail | strMonth | strDay | strYear | strCity | strState | strZIP | strCountry | strOS | strVersion | strLanguage | strMobile | strModel | strOsMobile | strPassword | strConfirmPassword |
| Santiago | Diaz Pinzon | santiagodiaz640@gmail.com | January | 7 | 1999 | Barcelona | Murcia | 08001 | Spain | Windows | 10 | Spanish | Xiaomi | Redmi 9A | Android 11 | Choucair2021* | Choucair2021* | [Santiago star registration [Santiago clicks on button to start registration], Santiago tell about your [Santiago enters 'Santiago' into when you write your first name, Santiago enters 'Diaz Pinzon' into when you write your last name, Santiago enters 'santiagodiaz640@gmail.com' into when you write your email, Santiago select January on when you write the month of birthday, Santiago select 7 on when you write the day of birthday, Santiago select 1999 on when you write the year of birthday, Santiago clicks on button to go to the next step], Santiago add your [Santiago clicks on when you write the city in which you live, Santiago enters 'Barcelona' into when you write the city in which you live, Santiago enters ARROW_DOWN,ENTER into when you write the city in which you live, Santiago enters ENTER into when you write the city in which you live]]
[Test worker] WARN net.thucydides.core.steps.BaseStepListener - stepStarted: net.thucydides.core.steps.ExecutedStepDescription@46fc522d
[Test worker] WARN net.thucydides.core.steps.BaseStepListener - stepFinished: current outcome:successful account creation:Given user enters the UTest platform [Santiago load [Santiago opens the U test page]], When user registers their data and their devices
| strName | strLastName | strEmail | strMonth | strDay | strYear | strCity | strState | strZIP | strCountry | strOS | strVersion | strLanguage | strMobile | strModel | strOsMobile | strPassword | strConfirmPassword |
| Santiago | Diaz Pinzon | santiagodiaz640@gmail.com | January | 7 | 1999 | Barcelona | Murcia | 08001 | Spain | Windows | 10 | Spanish | Xiaomi | Redmi 9A | Android 11 | Choucair2021* | Choucair2021* | [Santiago star registration [Santiago clicks on button to start registration], Santiago tell about your [Santiago enters 'Santiago' into when you write your first name, Santiago enters 'Diaz Pinzon' into when you write your last name, Santiago enters 'santiagodiaz640@gmail.com' into when you write your email, Santiago select January on when you write the month of birthday, Santiago select 7 on when you write the day of birthday, Santiago select 1999 on when you write the year of birthday, Santiago clicks on button to go to the next step], Santiago add your [Santiago clicks on when you write the city in which you live, Santiago enters 'Barcelona' into when you write the city in which you live, Santiago enters ARROW_DOWN,ENTER into when you write the city in which you live, Santiago enters ENTER into when you write the city in which you live, Santiago clicks on when you write the zip code of the city]]
[Test worker] WARN net.thucydides.core.steps.BaseStepListener - stepStarted: net.thucydides.core.steps.ExecutedStepDescription@5a08b084
[Test worker] WARN net.thucydides.core.steps.BaseStepListener - stepFinished: current outcome:successful account creation:Given user enters the UTest platform [Santiago load [Santiago opens the U test page]], When user registers their data and their devices
| strName | strLastName | strEmail | strMonth | strDay | strYear | strCity | strState | strZIP | strCountry | strOS | strVersion | strLanguage | strMobile | strModel | strOsMobile | strPassword | strConfirmPassword |
| Santiago | Diaz Pinzon | santiagodiaz640@gmail.com | January | 7 | 1999 | Barcelona | Murcia | 08001 | Spain | Windows | 10 | Spanish | Xiaomi | Redmi 9A | Android 11 | Choucair2021* | Choucair2021* | [Santiago star registration [Santiago clicks on button to start registration], Santiago tell about your [Santiago enters 'Santiago' into when you write your first name, Santiago enters 'Diaz Pinzon' into when you write your last name, Santiago enters 'santiagodiaz640@gmail.com' into when you write your email, Santiago select January on when you write the month of birthday, Santiago select 7 on when you write the day of birthday, Santiago select 1999 on when you write the year of birthday, Santiago clicks on button to go to the next step], Santiago add your [Santiago clicks on when you write the city in which you live, Santiago enters 'Barcelona' into when you write the city in which you live, Santiago enters ARROW_DOWN,ENTER into when you write the city in which you live, Santiago enters ENTER into when you write the city in which you live, Santiago clicks on when you write the zip code of the city, Santiago enters '08001' into when you write the zip code of the city]]
[Test worker] WARN net.thucydides.core.steps.BaseStepListener - stepStarted: net.thucydides.core.steps.ExecutedStepDescription@5bcec67e
[Test worker] WARN net.thucydides.core.steps.BaseStepListener - stepFinished: current outcome:successful account creation:Given user enters the UTest platform [Santiago load [Santiago opens the U test page]], When user registers their data and their devices
| strName | strLastName | strEmail | strMonth | strDay | strYear | strCity | strState | strZIP | strCountry | strOS | strVersion | strLanguage | strMobile | strModel | strOsMobile | strPassword | strConfirmPassword |
| Santiago | Diaz Pinzon | santiagodiaz640@gmail.com | January | 7 | 1999 | Barcelona | Murcia | 08001 | Spain | Windows | 10 | Spanish | Xiaomi | Redmi 9A | Android 11 | Choucair2021* | Choucair2021* | [Santiago star registration [Santiago clicks on button to start registration], Santiago tell about your [Santiago enters 'Santiago' into when you write your first name, Santiago enters 'Diaz Pinzon' into when you write your last name, Santiago enters 'santiagodiaz640@gmail.com' into when you write your email, Santiago select January on when you write the month of birthday, Santiago select 7 on when you write the day of birthday, Santiago select 1999 on when you write the year of birthday, Santiago clicks on button to go to the next step], Santiago add your [Santiago clicks on when you write the city in which you live, Santiago enters 'Barcelona' into when you write the city in which you live, Santiago enters ARROW_DOWN,ENTER into when you write the city in which you live, Santiago enters ENTER into when you write the city in which you live, Santiago clicks on when you write the zip code of the city, Santiago enters '08001' into when you write the zip code of the city, Santiago clicks on when you select the country in the drop down list]]
[Test worker] WARN net.thucydides.core.steps.BaseStepListener - stepStarted: net.thucydides.core.steps.ExecutedStepDescription@2282400e
[Test worker] WARN net.thucydides.core.steps.BaseStepListener - stepFinished: current outcome:successful account creation:Given user enters the UTest platform [Santiago load [Santiago opens the U test page]], When user registers their data and their devices
| strName | strLastName | strEmail | strMonth | strDay | strYear | strCity | strState | strZIP | strCountry | strOS | strVersion | strLanguage | strMobile | strModel | strOsMobile | strPassword | strConfirmPassword |
| Santiago | Diaz Pinzon | santiagodiaz640@gmail.com | January | 7 | 1999 | Barcelona | Murcia | 08001 | Spain | Windows | 10 | Spanish | Xiaomi | Redmi 9A | Android 11 | Choucair2021* | Choucair2021* | [Santiago star registration [Santiago clicks on button to start registration], Santiago tell about your [Santiago enters 'Santiago' into when you write your first name, Santiago enters 'Diaz Pinzon' into when you write your last name, Santiago enters 'santiagodiaz640@gmail.com' into when you write your email, Santiago select January on when you write the month of birthday, Santiago select 7 on when you write the day of birthday, Santiago select 1999 on when you write the year of birthday, Santiago clicks on button to go to the next step], Santiago add your [Santiago clicks on when you write the city in which you live, Santiago enters 'Barcelona' into when you write the city in which you live, Santiago enters ARROW_DOWN,ENTER into when you write the city in which you live, Santiago enters ENTER into when you write the city in which you live, Santiago clicks on when you write the zip code of the city, Santiago enters '08001' into when you write the zip code of the city, Santiago clicks on when you select the country in the drop down list, Santiago enters 'Spain',ENTER into select your country]]
[Test worker] WARN net.thucydides.core.steps.BaseStepListener - stepStarted: net.thucydides.core.steps.ExecutedStepDescription@b4732dc
[Test worker] WARN net.thucydides.core.steps.BaseStepListener - stepFinished: current outcome:successful account creation:Given user enters the UTest platform [Santiago load [Santiago opens the U test page]], When user registers their data and their devices
| strName | strLastName | strEmail | strMonth | strDay | strYear | strCity | strState | strZIP | strCountry | strOS | strVersion | strLanguage | strMobile | strModel | strOsMobile | strPassword | strConfirmPassword |
| Santiago | Diaz Pinzon | santiagodiaz640@gmail.com | January | 7 | 1999 | Barcelona | Murcia | 08001 | Spain | Windows | 10 | Spanish | Xiaomi | Redmi 9A | Android 11 | Choucair2021* | Choucair2021* | [Santiago star registration [Santiago clicks on button to start registration], Santiago tell about your [Santiago enters 'Santiago' into when you write your first name, Santiago enters 'Diaz Pinzon' into when you write your last name, Santiago enters 'santiagodiaz640@gmail.com' into when you write your email, Santiago select January on when you write the month of birthday, Santiago select 7 on when you write the day of birthday, Santiago select 1999 on when you write the year of birthday, Santiago clicks on button to go to the next step], Santiago add your [Santiago clicks on when you write the city in which you live, Santiago enters 'Barcelona' into when you write the city in which you live, Santiago enters ARROW_DOWN,ENTER into when you write the city in which you live, Santiago enters ENTER into when you write the city in which you live, Santiago clicks on when you write the zip code of the city, Santiago enters '08001' into when you write the zip code of the city, Santiago clicks on when you select the country in the drop down list, Santiago enters 'Spain',ENTER into select your country, Santiago clicks on button to go to the next step]]
[Test worker] WARN net.thucydides.core.steps.BaseStepListener - stepFinished: current outcome:successful account creation:Given user enters the UTest platform [Santiago load [Santiago opens the U test page]], When user registers their data and their devices
| strName | strLastName | strEmail | strMonth | strDay | strYear | strCity | strState | strZIP | strCountry | strOS | strVersion | strLanguage | strMobile | strModel | strOsMobile | strPassword | strConfirmPassword |
| Santiago | Diaz Pinzon | santiagodiaz640@gmail.com | January | 7 | 1999 | Barcelona | Murcia | 08001 | Spain | Windows | 10 | Spanish | Xiaomi | Redmi 9A | Android 11 | Choucair2021* | Choucair2021* | [Santiago star registration [Santiago clicks on button to start registration], Santiago tell about your [Santiago enters 'Santiago' into when you write your first name, Santiago enters 'Diaz Pinzon' into when you write your last name, Santiago enters 'santiagodiaz640@gmail.com' into when you write your email, Santiago select January on when you write the month of birthday, Santiago select 7 on when you write the day of birthday, Santiago select 1999 on when you write the year of birthday, Santiago clicks on button to go to the next step], Santiago add your [Santiago clicks on when you write the city in which you live, Santiago enters 'Barcelona' into when you write the city in which you live, Santiago enters ARROW_DOWN,ENTER into when you write the city in which you live, Santiago enters ENTER into when you write the city in which you live, Santiago clicks on when you write the zip code of the city, Santiago enters '08001' into when you write the zip code of the city, Santiago clicks on when you select the country in the drop down list, Santiago enters 'Spain',ENTER into select your country, Santiago clicks on button to go to the next step]]
[Test worker] WARN net.thucydides.core.steps.BaseStepListener - stepStarted: net.thucydides.core.steps.ExecutedStepDescription@902fdbe
[Test worker] WARN net.thucydides.core.steps.BaseStepListener - stepStarted: net.thucydides.core.steps.ExecutedStepDescription@1a2e0d57
[Test worker] WARN net.thucydides.core.steps.BaseStepListener - stepFinished: current outcome:successful account creation:Given user enters the UTest platform [Santiago load [Santiago opens the U test page]], When user registers their data and their devices
| strName | strLastName | strEmail | strMonth | strDay | strYear | strCity | strState | strZIP | strCountry | strOS | strVersion | strLanguage | strMobile | strModel | strOsMobile | strPassword | strConfirmPassword |
| Santiago | Diaz Pinzon | santiagodiaz640@gmail.com | January | 7 | 1999 | Barcelona | Murcia | 08001 | Spain | Windows | 10 | Spanish | Xiaomi | Redmi 9A | Android 11 | Choucair2021* | Choucair2021* | [Santiago star registration [Santiago clicks on button to start registration], Santiago tell about your [Santiago enters 'Santiago' into when you write your first name, Santiago enters 'Diaz Pinzon' into when you write your last name, Santiago enters 'santiagodiaz640@gmail.com' into when you write your email, Santiago select January on when you write the month of birthday, Santiago select 7 on when you write the day of birthday, Santiago select 1999 on when you write the year of birthday, Santiago clicks on button to go to the next step], Santiago add your [Santiago clicks on when you write the city in which you live, Santiago enters 'Barcelona' into when you write the city in which you live, Santiago enters ARROW_DOWN,ENTER into when you write the city in which you live, Santiago enters ENTER into when you write the city in which you live, Santiago clicks on when you write the zip code of the city, Santiago enters '08001' into when you write the zip code of the city, Santiago clicks on when you select the country in the drop down list, Santiago enters 'Spain',ENTER into select your country, Santiago clicks on button to go to the next step], Santiago enter your [Santiago clicks on when you select the computer's operating system in the drop down list ]]
[Test worker] WARN net.thucydides.core.steps.BaseStepListener - stepStarted: net.thucydides.core.steps.ExecutedStepDescription@88b76f2
[Test worker] WARN net.thucydides.core.steps.BaseStepListener - stepFinished: current outcome:successful account creation:Given user enters the UTest platform [Santiago load [Santiago opens the U test page]], When user registers their data and their devices
| strName | strLastName | strEmail | strMonth | strDay | strYear | strCity | strState | strZIP | strCountry | strOS | strVersion | strLanguage | strMobile | strModel | strOsMobile | strPassword | strConfirmPassword |
| Santiago | Diaz Pinzon | santiagodiaz640@gmail.com | January | 7 | 1999 | Barcelona | Murcia | 08001 | Spain | Windows | 10 | Spanish | Xiaomi | Redmi 9A | Android 11 | Choucair2021* | Choucair2021* | [Santiago star registration [Santiago clicks on button to start registration], Santiago tell about your [Santiago enters 'Santiago' into when you write your first name, Santiago enters 'Diaz Pinzon' into when you write your last name, Santiago enters 'santiagodiaz640@gmail.com' into when you write your email, Santiago select January on when you write the month of birthday, Santiago select 7 on when you write the day of birthday, Santiago select 1999 on when you write the year of birthday, Santiago clicks on button to go to the next step], Santiago add your [Santiago clicks on when you write the city in which you live, Santiago enters 'Barcelona' into when you write the city in which you live, Santiago enters ARROW_DOWN,ENTER into when you write the city in which you live, Santiago enters ENTER into when you write the city in which you live, Santiago clicks on when you write the zip code of the city, Santiago enters '08001' into when you write the zip code of the city, Santiago clicks on when you select the country in the drop down list, Santiago enters 'Spain',ENTER into select your country, Santiago clicks on button to go to the next step], Santiago enter your [Santiago clicks on when you select the computer's operating system in the drop down list , Santiago enters 'Windows',ENTER into select your operating system]]
[Test worker] WARN net.thucydides.core.steps.BaseStepListener - stepStarted: net.thucydides.core.steps.ExecutedStepDescription@b6bccb4
[Test worker] WARN net.thucydides.core.steps.BaseStepListener - stepFinished: current outcome:successful account creation:Given user enters the UTest platform [Santiago load [Santiago opens the U test page]], When user registers their data and their devices
| strName | strLastName | strEmail | strMonth | strDay | strYear | strCity | strState | strZIP | strCountry | strOS | strVersion | strLanguage | strMobile | strModel | strOsMobile | strPassword | strConfirmPassword |
| Santiago | Diaz Pinzon | santiagodiaz640@gmail.com | January | 7 | 1999 | Barcelona | Murcia | 08001 | Spain | Windows | 10 | Spanish | Xiaomi | Redmi 9A | Android 11 | Choucair2021* | Choucair2021* | [Santiago star registration [Santiago clicks on button to start registration], Santiago tell about your [Santiago enters 'Santiago' into when you write your first name, Santiago enters 'Diaz Pinzon' into when you write your last name, Santiago enters 'santiagodiaz640@gmail.com' into when you write your email, Santiago select January on when you write the month of birthday, Santiago select 7 on when you write the day of birthday, Santiago select 1999 on when you write the year of birthday, Santiago clicks on button to go to the next step], Santiago add your [Santiago clicks on when you write the city in which you live, Santiago enters 'Barcelona' into when you write the city in which you live, Santiago enters ARROW_DOWN,ENTER into when you write the city in which you live, Santiago enters ENTER into when you write the city in which you live, Santiago clicks on when you write the zip code of the city, Santiago enters '08001' into when you write the zip code of the city, Santiago clicks on when you select the country in the drop down list, Santiago enters 'Spain',ENTER into select your country, Santiago clicks on button to go to the next step], Santiago enter your [Santiago clicks on when you select the computer's operating system in the drop down list , Santiago enters 'Windows',ENTER into select your operating system, Santiago clicks on when you select the computer's version in the drop down list]]
[Test worker] WARN net.thucydides.core.steps.BaseStepListener - stepStarted: net.thucydides.core.steps.ExecutedStepDescription@443a53df
[Test worker] WARN net.thucydides.core.steps.BaseStepListener - stepFinished: current outcome:successful account creation:Given user enters the UTest platform [Santiago load [Santiago opens the U test page]], When user registers their data and their devices
| strName | strLastName | strEmail | strMonth | strDay | strYear | strCity | strState | strZIP | strCountry | strOS | strVersion | strLanguage | strMobile | strModel | strOsMobile | strPassword | strConfirmPassword |
| Santiago | Diaz Pinzon | santiagodiaz640@gmail.com | January | 7 | 1999 | Barcelona | Murcia | 08001 | Spain | Windows | 10 | Spanish | Xiaomi | Redmi 9A | Android 11 | Choucair2021* | Choucair2021* | [Santiago star registration [Santiago clicks on button to start registration], Santiago tell about your [Santiago enters 'Santiago' into when you write your first name, Santiago enters 'Diaz Pinzon' into when you write your last name, Santiago enters 'santiagodiaz640@gmail.com' into when you write your email, Santiago select January on when you write the month of birthday, Santiago select 7 on when you write the day of birthday, Santiago select 1999 on when you write the year of birthday, Santiago clicks on button to go to the next step], Santiago add your [Santiago clicks on when you write the city in which you live, Santiago enters 'Barcelona' into when you write the city in which you live, Santiago enters ARROW_DOWN,ENTER into when you write the city in which you live, Santiago enters ENTER into when you write the city in which you live, Santiago clicks on when you write the zip code of the city, Santiago enters '08001' into when you write the zip code of the city, Santiago clicks on when you select the country in the drop down list, Santiago enters 'Spain',ENTER into select your country, Santiago clicks on button to go to the next step], Santiago enter your [Santiago clicks on when you select the computer's operating system in the drop down list , Santiago enters 'Windows',ENTER into select your operating system, Santiago clicks on when you select the computer's version in the drop down list, Santiago enters '10',ENTER into select your version]]
[Test worker] WARN net.thucydides.core.steps.BaseStepListener - stepStarted: net.thucydides.core.steps.ExecutedStepDescription@66749eea
[Test worker] WARN net.thucydides.core.steps.BaseStepListener - stepFinished: current outcome:successful account creation:Given user enters the UTest platform [Santiago load [Santiago opens the U test page]], When user registers their data and their devices
| strName | strLastName | strEmail | strMonth | strDay | strYear | strCity | strState | strZIP | strCountry | strOS | strVersion | strLanguage | strMobile | strModel | strOsMobile | strPassword | strConfirmPassword |
| Santiago | Diaz Pinzon | santiagodiaz640@gmail.com | January | 7 | 1999 | Barcelona | Murcia | 08001 | Spain | Windows | 10 | Spanish | Xiaomi | Redmi 9A | Android 11 | Choucair2021* | Choucair2021* | [Santiago star registration [Santiago clicks on button to start registration], Santiago tell about your [Santiago enters 'Santiago' into when you write your first name, Santiago enters 'Diaz Pinzon' into when you write your last name, Santiago enters 'santiagodiaz640@gmail.com' into when you write your email, Santiago select January on when you write the month of birthday, Santiago select 7 on when you write the day of birthday, Santiago select 1999 on when you write the year of birthday, Santiago clicks on button to go to the next step], Santiago add your [Santiago clicks on when you write the city in which you live, Santiago enters 'Barcelona' into when you write the city in which you live, Santiago enters ARROW_DOWN,ENTER into when you write the city in which you live, Santiago enters ENTER into when you write the city in which you live, Santiago clicks on when you write the zip code of the city, Santiago enters '08001' into when you write the zip code of the city, Santiago clicks on when you select the country in the drop down list, Santiago enters 'Spain',ENTER into select your country, Santiago clicks on button to go to the next step], Santiago enter your [Santiago clicks on when you select the computer's operating system in the drop down list , Santiago enters 'Windows',ENTER into select your operating system, Santiago clicks on when you select the computer's version in the drop down list, Santiago enters '10',ENTER into select your version, Santiago clicks on when you select the language in the drop down list]]
[Test worker] WARN net.thucydides.core.steps.BaseStepListener - stepStarted: net.thucydides.core.steps.ExecutedStepDescription@2f054f70
[Test worker] WARN net.thucydides.core.steps.BaseStepListener - stepFinished: current outcome:successful account creation:Given user enters the UTest platform [Santiago load [Santiago opens the U test page]], When user registers their data and their devices
| strName | strLastName | strEmail | strMonth | strDay | strYear | strCity | strState | strZIP | strCountry | strOS | strVersion | strLanguage | strMobile | strModel | strOsMobile | strPassword | strConfirmPassword |
| Santiago | Diaz Pinzon | santiagodiaz640@gmail.com | January | 7 | 1999 | Barcelona | Murcia | 08001 | Spain | Windows | 10 | Spanish | Xiaomi | Redmi 9A | Android 11 | Choucair2021* | Choucair2021* | [Santiago star registration [Santiago clicks on button to start registration], Santiago tell about your [Santiago enters 'Santiago' into when you write your first name, Santiago enters 'Diaz Pinzon' into when you write your last name, Santiago enters 'santiagodiaz640@gmail.com' into when you write your email, Santiago select January on when you write the month of birthday, Santiago select 7 on when you write the day of birthday, Santiago select 1999 on when you write the year of birthday, Santiago clicks on button to go to the next step], Santiago add your [Santiago clicks on when you write the city in which you live, Santiago enters 'Barcelona' into when you write the city in which you live, Santiago enters ARROW_DOWN,ENTER into when you write the city in which you live, Santiago enters ENTER into when you write the city in which you live, Santiago clicks on when you write the zip code of the city, Santiago enters '08001' into when you write the zip code of the city, Santiago clicks on when you select the country in the drop down list, Santiago enters 'Spain',ENTER into select your country, Santiago clicks on button to go to the next step], Santiago enter your [Santiago clicks on when you select the computer's operating system in the drop down list , Santiago enters 'Windows',ENTER into select your operating system, Santiago clicks on when you select the computer's version in the drop down list, Santiago enters '10',ENTER into select your version, Santiago clicks on when you select the language in the drop down list, Santiago enters 'Spanish',ENTER into select your language]]
[Test worker] WARN net.thucydides.core.steps.BaseStepListener - stepStarted: net.thucydides.core.steps.ExecutedStepDescription@4b88ca8e
[Test worker] WARN net.thucydides.core.steps.BaseStepListener - stepFinished: current outcome:successful account creation:Given user enters the UTest platform [Santiago load [Santiago opens the U test page]], When user registers their data and their devices
| strName | strLastName | strEmail | strMonth | strDay | strYear | strCity | strState | strZIP | strCountry | strOS | strVersion | strLanguage | strMobile | strModel | strOsMobile | strPassword | strConfirmPassword |
| Santiago | Diaz Pinzon | santiagodiaz640@gmail.com | January | 7 | 1999 | Barcelona | Murcia | 08001 | Spain | Windows | 10 | Spanish | Xiaomi | Redmi 9A | Android 11 | Choucair2021* | Choucair2021* | [Santiago star registration [Santiago clicks on button to start registration], Santiago tell about your [Santiago enters 'Santiago' into when you write your first name, Santiago enters 'Diaz Pinzon' into when you write your last name, Santiago enters 'santiagodiaz640@gmail.com' into when you write your email, Santiago select January on when you write the month of birthday, Santiago select 7 on when you write the day of birthday, Santiago select 1999 on when you write the year of birthday, Santiago clicks on button to go to the next step], Santiago add your [Santiago clicks on when you write the city in which you live, Santiago enters 'Barcelona' into when you write the city in which you live, Santiago enters ARROW_DOWN,ENTER into when you write the city in which you live, Santiago enters ENTER into when you write the city in which you live, Santiago clicks on when you write the zip code of the city, Santiago enters '08001' into when you write the zip code of the city, Santiago clicks on when you select the country in the drop down list, Santiago enters 'Spain',ENTER into select your country, Santiago clicks on button to go to the next step], Santiago enter your [Santiago clicks on when you select the computer's operating system in the drop down list , Santiago enters 'Windows',ENTER into select your operating system, Santiago clicks on when you select the computer's version in the drop down list, Santiago enters '10',ENTER into select your version, Santiago clicks on when you select the language in the drop down list, Santiago enters 'Spanish',ENTER into select your language, Santiago clicks on when you select the mobile device in the drop down list]]
[Test worker] WARN net.thucydides.core.steps.BaseStepListener - stepStarted: net.thucydides.core.steps.ExecutedStepDescription@6637a365
[Test worker] WARN net.thucydides.core.steps.BaseStepListener - stepFinished: current outcome:successful account creation:Given user enters the UTest platform [Santiago load [Santiago opens the U test page]], When user registers their data and their devices
| strName | strLastName | strEmail | strMonth | strDay | strYear | strCity | strState | strZIP | strCountry | strOS | strVersion | strLanguage | strMobile | strModel | strOsMobile | strPassword | strConfirmPassword |
| Santiago | Diaz Pinzon | santiagodiaz640@gmail.com | January | 7 | 1999 | Barcelona | Murcia | 08001 | Spain | Windows | 10 | Spanish | Xiaomi | Redmi 9A | Android 11 | Choucair2021* | Choucair2021* | [Santiago star registration [Santiago clicks on button to start registration], Santiago tell about your [Santiago enters 'Santiago' into when you write your first name, Santiago enters 'Diaz Pinzon' into when you write your last name, Santiago enters 'santiagodiaz640@gmail.com' into when you write your email, Santiago select January on when you write the month of birthday, Santiago select 7 on when you write the day of birthday, Santiago select 1999 on when you write the year of birthday, Santiago clicks on button to go to the next step], Santiago add your [Santiago clicks on when you write the city in which you live, Santiago enters 'Barcelona' into when you write the city in which you live, Santiago enters ARROW_DOWN,ENTER into when you write the city in which you live, Santiago enters ENTER into when you write the city in which you live, Santiago clicks on when you write the zip code of the city, Santiago enters '08001' into when you write the zip code of the city, Santiago clicks on when you select the country in the drop down list, Santiago enters 'Spain',ENTER into select your country, Santiago clicks on button to go to the next step], Santiago enter your [Santiago clicks on when you select the computer's operating system in the drop down list , Santiago enters 'Windows',ENTER into select your operating system, Santiago clicks on when you select the computer's version in the drop down list, Santiago enters '10',ENTER into select your version, Santiago clicks on when you select the language in the drop down list, Santiago enters 'Spanish',ENTER into select your language, Santiago clicks on when you select the mobile device in the drop down list, Santiago enters 'Xiaomi',ENTER into select your mobile device]]
[Test worker] WARN net.thucydides.core.steps.BaseStepListener - stepStarted: net.thucydides.core.steps.ExecutedStepDescription@6f731759
[Test worker] WARN net.thucydides.core.steps.BaseStepListener - stepFinished: current outcome:successful account creation:Given user enters the UTest platform [Santiago load [Santiago opens the U test page]], When user registers their data and their devices
| strName | strLastName | strEmail | strMonth | strDay | strYear | strCity | strState | strZIP | strCountry | strOS | strVersion | strLanguage | strMobile | strModel | strOsMobile | strPassword | strConfirmPassword |
| Santiago | Diaz Pinzon | santiagodiaz640@gmail.com | January | 7 | 1999 | Barcelona | Murcia | 08001 | Spain | Windows | 10 | Spanish | Xiaomi | Redmi 9A | Android 11 | Choucair2021* | Choucair2021* | [Santiago star registration [Santiago clicks on button to start registration], Santiago tell about your [Santiago enters 'Santiago' into when you write your first name, Santiago enters 'Diaz Pinzon' into when you write your last name, Santiago enters 'santiagodiaz640@gmail.com' into when you write your email, Santiago select January on when you write the month of birthday, Santiago select 7 on when you write the day of birthday, Santiago select 1999 on when you write the year of birthday, Santiago clicks on button to go to the next step], Santiago add your [Santiago clicks on when you write the city in which you live, Santiago enters 'Barcelona' into when you write the city in which you live, Santiago enters ARROW_DOWN,ENTER into when you write the city in which you live, Santiago enters ENTER into when you write the city in which you live, Santiago clicks on when you write the zip code of the city, Santiago enters '08001' into when you write the zip code of the city, Santiago clicks on when you select the country in the drop down list, Santiago enters 'Spain',ENTER into select your country, Santiago clicks on button to go to the next step], Santiago enter your [Santiago clicks on when you select the computer's operating system in the drop down list , Santiago enters 'Windows',ENTER into select your operating system, Santiago clicks on when you select the computer's version in the drop down list, Santiago enters '10',ENTER into select your version, Santiago clicks on when you select the language in the drop down list, Santiago enters 'Spanish',ENTER into select your language, Santiago clicks on when you select the mobile device in the drop down list, Santiago enters 'Xiaomi',ENTER into select your mobile device, Santiago clicks on when you select the mobile device's model in the drop down list]]
[Test worker] WARN net.thucydides.core.steps.BaseStepListener - stepStarted: net.thucydides.core.steps.ExecutedStepDescription@ab4aa5e
[Test worker] WARN net.thucydides.core.steps.BaseStepListener - stepFinished: current outcome:successful account creation:Given user enters the UTest platform [Santiago load [Santiago opens the U test page]], When user registers their data and their devices
| strName | strLastName | strEmail | strMonth | strDay | strYear | strCity | strState | strZIP | strCountry | strOS | strVersion | strLanguage | strMobile | strModel | strOsMobile | strPassword | strConfirmPassword |
| Santiago | Diaz Pinzon | santiagodiaz640@gmail.com | January | 7 | 1999 | Barcelona | Murcia | 08001 | Spain | Windows | 10 | Spanish | Xiaomi | Redmi 9A | Android 11 | Choucair2021* | Choucair2021* | [Santiago star registration [Santiago clicks on button to start registration], Santiago tell about your [Santiago enters 'Santiago' into when you write your first name, Santiago enters 'Diaz Pinzon' into when you write your last name, Santiago enters 'santiagodiaz640@gmail.com' into when you write your email, Santiago select January on when you write the month of birthday, Santiago select 7 on when you write the day of birthday, Santiago select 1999 on when you write the year of birthday, Santiago clicks on button to go to the next step], Santiago add your [Santiago clicks on when you write the city in which you live, Santiago enters 'Barcelona' into when you write the city in which you live, Santiago enters ARROW_DOWN,ENTER into when you write the city in which you live, Santiago enters ENTER into when you write the city in which you live, Santiago clicks on when you write the zip code of the city, Santiago enters '08001' into when you write the zip code of the city, Santiago clicks on when you select the country in the drop down list, Santiago enters 'Spain',ENTER into select your country, Santiago clicks on button to go to the next step], Santiago enter your [Santiago clicks on when you select the computer's operating system in the drop down list , Santiago enters 'Windows',ENTER into select your operating system, Santiago clicks on when you select the computer's version in the drop down list, Santiago enters '10',ENTER into select your version, Santiago clicks on when you select the language in the drop down list, Santiago enters 'Spanish',ENTER into select your language, Santiago clicks on when you select the mobile device in the drop down list, Santiago enters 'Xiaomi',ENTER into select your mobile device, Santiago clicks on when you select the mobile device's model in the drop down list, Santiago enters 'Redmi 9A',ENTER into select your mobile]]
[Test worker] WARN net.thucydides.core.steps.BaseStepListener - stepStarted: net.thucydides.core.steps.ExecutedStepDescription@c4d2c44
[Test worker] WARN net.thucydides.core.steps.BaseStepListener - stepFinished: current outcome:successful account creation:Given user enters the UTest platform [Santiago load [Santiago opens the U test page]], When user registers their data and their devices
| strName | strLastName | strEmail | strMonth | strDay | strYear | strCity | strState | strZIP | strCountry | strOS | strVersion | strLanguage | strMobile | strModel | strOsMobile | strPassword | strConfirmPassword |
| Santiago | Diaz Pinzon | santiagodiaz640@gmail.com | January | 7 | 1999 | Barcelona | Murcia | 08001 | Spain | Windows | 10 | Spanish | Xiaomi | Redmi 9A | Android 11 | Choucair2021* | Choucair2021* | [Santiago star registration [Santiago clicks on button to start registration], Santiago tell about your [Santiago enters 'Santiago' into when you write your first name, Santiago enters 'Diaz Pinzon' into when you write your last name, Santiago enters 'santiagodiaz640@gmail.com' into when you write your email, Santiago select January on when you write the month of birthday, Santiago select 7 on when you write the day of birthday, Santiago select 1999 on when you write the year of birthday, Santiago clicks on button to go to the next step], Santiago add your [Santiago clicks on when you write the city in which you live, Santiago enters 'Barcelona' into when you write the city in which you live, Santiago enters ARROW_DOWN,ENTER into when you write the city in which you live, Santiago enters ENTER into when you write the city in which you live, Santiago clicks on when you write the zip code of the city, Santiago enters '08001' into when you write the zip code of the city, Santiago clicks on when you select the country in the drop down list, Santiago enters 'Spain',ENTER into select your country, Santiago clicks on button to go to the next step], Santiago enter your [Santiago clicks on when you select the computer's operating system in the drop down list , Santiago enters 'Windows',ENTER into select your operating system, Santiago clicks on when you select the computer's version in the drop down list, Santiago enters '10',ENTER into select your version, Santiago clicks on when you select the language in the drop down list, Santiago enters 'Spanish',ENTER into select your language, Santiago clicks on when you select the mobile device in the drop down list, Santiago enters 'Xiaomi',ENTER into select your mobile device, Santiago clicks on when you select the mobile device's model in the drop down list, Santiago enters 'Redmi 9A',ENTER into select your mobile, Santiago clicks on when you select the mobile device's operating system in the drop down list]]
[Test worker] WARN net.thucydides.core.steps.BaseStepListener - stepStarted: net.thucydides.core.steps.ExecutedStepDescription@25974207
[Test worker] WARN net.thucydides.core.steps.BaseStepListener - stepFinished: current outcome:successful account creation:Given user enters the UTest platform [Santiago load [Santiago opens the U test page]], When user registers their data and their devices
| strName | strLastName | strEmail | strMonth | strDay | strYear | strCity | strState | strZIP | strCountry | strOS | strVersion | strLanguage | strMobile | strModel | strOsMobile | strPassword | strConfirmPassword |
| Santiago | Diaz Pinzon | santiagodiaz640@gmail.com | January | 7 | 1999 | Barcelona | Murcia | 08001 | Spain | Windows | 10 | Spanish | Xiaomi | Redmi 9A | Android 11 | Choucair2021* | Choucair2021* | [Santiago star registration [Santiago clicks on button to start registration], Santiago tell about your [Santiago enters 'Santiago' into when you write your first name, Santiago enters 'Diaz Pinzon' into when you write your last name, Santiago enters 'santiagodiaz640@gmail.com' into when you write your email, Santiago select January on when you write the month of birthday, Santiago select 7 on when you write the day of birthday, Santiago select 1999 on when you write the year of birthday, Santiago clicks on button to go to the next step], Santiago add your [Santiago clicks on when you write the city in which you live, Santiago enters 'Barcelona' into when you write the city in which you live, Santiago enters ARROW_DOWN,ENTER into when you write the city in which you live, Santiago enters ENTER into when you write the city in which you live, Santiago clicks on when you write the zip code of the city, Santiago enters '08001' into when you write the zip code of the city, Santiago clicks on when you select the country in the drop down list, Santiago enters 'Spain',ENTER into select your country, Santiago clicks on button to go to the next step], Santiago enter your [Santiago clicks on when you select the computer's operating system in the drop down list , Santiago enters 'Windows',ENTER into select your operating system, Santiago clicks on when you select the computer's version in the drop down list, Santiago enters '10',ENTER into select your version, Santiago clicks on when you select the language in the drop down list, Santiago enters 'Spanish',ENTER into select your language, Santiago clicks on when you select the mobile device in the drop down list, Santiago enters 'Xiaomi',ENTER into select your mobile device, Santiago clicks on when you select the mobile device's model in the drop down list, Santiago enters 'Redmi 9A',ENTER into select your mobile, Santiago clicks on when you select the mobile device's operating system in the drop down list, Santiago enters 'Android 11',ENTER into select the operative system]]
[Test worker] WARN net.thucydides.core.steps.BaseStepListener - stepStarted: net.thucydides.core.steps.ExecutedStepDescription@4844930a
[Test worker] WARN net.thucydides.core.steps.BaseStepListener - stepFinished: current outcome:successful account creation:Given user enters the UTest platform [Santiago load [Santiago opens the U test page]], When user registers their data and their devices
| strName | strLastName | strEmail | strMonth | strDay | strYear | strCity | strState | strZIP | strCountry | strOS | strVersion | strLanguage | strMobile | strModel | strOsMobile | strPassword | strConfirmPassword |
| Santiago | Diaz Pinzon | santiagodiaz640@gmail.com | January | 7 | 1999 | Barcelona | Murcia | 08001 | Spain | Windows | 10 | Spanish | Xiaomi | Redmi 9A | Android 11 | Choucair2021* | Choucair2021* | [Santiago star registration [Santiago clicks on button to start registration], Santiago tell about your [Santiago enters 'Santiago' into when you write your first name, Santiago enters 'Diaz Pinzon' into when you write your last name, Santiago enters 'santiagodiaz640@gmail.com' into when you write your email, Santiago select January on when you write the month of birthday, Santiago select 7 on when you write the day of birthday, Santiago select 1999 on when you write the year of birthday, Santiago clicks on button to go to the next step], Santiago add your [Santiago clicks on when you write the city in which you live, Santiago enters 'Barcelona' into when you write the city in which you live, Santiago enters ARROW_DOWN,ENTER into when you write the city in which you live, Santiago enters ENTER into when you write the city in which you live, Santiago clicks on when you write the zip code of the city, Santiago enters '08001' into when you write the zip code of the city, Santiago clicks on when you select the country in the drop down list, Santiago enters 'Spain',ENTER into select your country, Santiago clicks on button to go to the next step], Santiago enter your [Santiago clicks on when you select the computer's operating system in the drop down list , Santiago enters 'Windows',ENTER into select your operating system, Santiago clicks on when you select the computer's version in the drop down list, Santiago enters '10',ENTER into select your version, Santiago clicks on when you select the language in the drop down list, Santiago enters 'Spanish',ENTER into select your language, Santiago clicks on when you select the mobile device in the drop down list, Santiago enters 'Xiaomi',ENTER into select your mobile device, Santiago clicks on when you select the mobile device's model in the drop down list, Santiago enters 'Redmi 9A',ENTER into select your mobile, Santiago clicks on when you select the mobile device's operating system in the drop down list, Santiago enters 'Android 11',ENTER into select the operative system, Santiago clicks on button to go to the next step]]
[Test worker] WARN net.thucydides.core.steps.BaseStepListener - stepFinished: current outcome:successful account creation:Given user enters the UTest platform [Santiago load [Santiago opens the U test page]], When user registers their data and their devices
| strName | strLastName | strEmail | strMonth | strDay | strYear | strCity | strState | strZIP | strCountry | strOS | strVersion | strLanguage | strMobile | strModel | strOsMobile | strPassword | strConfirmPassword |
| Santiago | Diaz Pinzon | santiagodiaz640@gmail.com | January | 7 | 1999 | Barcelona | Murcia | 08001 | Spain | Windows | 10 | Spanish | Xiaomi | Redmi 9A | Android 11 | Choucair2021* | Choucair2021* | [Santiago star registration [Santiago clicks on button to start registration], Santiago tell about your [Santiago enters 'Santiago' into when you write your first name, Santiago enters 'Diaz Pinzon' into when you write your last name, Santiago enters 'santiagodiaz640@gmail.com' into when you write your email, Santiago select January on when you write the month of birthday, Santiago select 7 on when you write the day of birthday, Santiago select 1999 on when you write the year of birthday, Santiago clicks on button to go to the next step], Santiago add your [Santiago clicks on when you write the city in which you live, Santiago enters 'Barcelona' into when you write the city in which you live, Santiago enters ARROW_DOWN,ENTER into when you write the city in which you live, Santiago enters ENTER into when you write the city in which you live, Santiago clicks on when you write the zip code of the city, Santiago enters '08001' into when you write the zip code of the city, Santiago clicks on when you select the country in the drop down list, Santiago enters 'Spain',ENTER into select your country, Santiago clicks on button to go to the next step], Santiago enter your [Santiago clicks on when you select the computer's operating system in the drop down list , Santiago enters 'Windows',ENTER into select your operating system, Santiago clicks on when you select the computer's version in the drop down list, Santiago enters '10',ENTER into select your version, Santiago clicks on when you select the language in the drop down list, Santiago enters 'Spanish',ENTER into select your language, Santiago clicks on when you select the mobile device in the drop down list, Santiago enters 'Xiaomi',ENTER into select your mobile device, Santiago clicks on when you select the mobile device's model in the drop down list, Santiago enters 'Redmi 9A',ENTER into select your mobile, Santiago clicks on when you select the mobile device's operating system in the drop down list, Santiago enters 'Android 11',ENTER into select the operative system, Santiago clicks on button to go to the next step]]
[Test worker] WARN net.thucydides.core.steps.BaseStepListener - stepStarted: net.thucydides.core.steps.ExecutedStepDescription@6839203b
[Test worker] WARN net.thucydides.core.steps.BaseStepListener - stepStarted: net.thucydides.core.steps.ExecutedStepDescription@77cca767
[Test worker] WARN net.thucydides.core.steps.BaseStepListener - stepFinished: current outcome:successful account creation:Given user enters the UTest platform [Santiago load [Santiago opens the U test page]], When user registers their data and their devices
| strName | strLastName | strEmail | strMonth | strDay | strYear | strCity | strState | strZIP | strCountry | strOS | strVersion | strLanguage | strMobile | strModel | strOsMobile | strPassword | strConfirmPassword |
| Santiago | Diaz Pinzon | santiagodiaz640@gmail.com | January | 7 | 1999 | Barcelona | Murcia | 08001 | Spain | Windows | 10 | Spanish | Xiaomi | Redmi 9A | Android 11 | Choucair2021* | Choucair2021* | [Santiago star registration [Santiago clicks on button to start registration], Santiago tell about your [Santiago enters 'Santiago' into when you write your first name, Santiago enters 'Diaz Pinzon' into when you write your last name, Santiago enters 'santiagodiaz640@gmail.com' into when you write your email, Santiago select January on when you write the month of birthday, Santiago select 7 on when you write the day of birthday, Santiago select 1999 on when you write the year of birthday, Santiago clicks on button to go to the next step], Santiago add your [Santiago clicks on when you write the city in which you live, Santiago enters 'Barcelona' into when you write the city in which you live, Santiago enters ARROW_DOWN,ENTER into when you write the city in which you live, Santiago enters ENTER into when you write the city in which you live, Santiago clicks on when you write the zip code of the city, Santiago enters '08001' into when you write the zip code of the city, Santiago clicks on when you select the country in the drop down list, Santiago enters 'Spain',ENTER into select your country, Santiago clicks on button to go to the next step], Santiago enter your [Santiago clicks on when you select the computer's operating system in the drop down list , Santiago enters 'Windows',ENTER into select your operating system, Santiago clicks on when you select the computer's version in the drop down list, Santiago enters '10',ENTER into select your version, Santiago clicks on when you select the language in the drop down list, Santiago enters 'Spanish',ENTER into select your language, Santiago clicks on when you select the mobile device in the drop down list, Santiago enters 'Xiaomi',ENTER into select your mobile device, Santiago clicks on when you select the mobile device's model in the drop down list, Santiago enters 'Redmi 9A',ENTER into select your mobile, Santiago clicks on when you select the mobile device's operating system in the drop down list, Santiago enters 'Android 11',ENTER into select the operative system, Santiago clicks on button to go to the next step], Santiago implement the [Santiago enters 'Choucair2021*' into when you write your password]]
[Test worker] WARN net.thucydides.core.steps.BaseStepListener - stepStarted: net.thucydides.core.steps.ExecutedStepDescription@296edc75
[Test worker] WARN net.thucydides.core.steps.BaseStepListener - stepFinished: current outcome:successful account creation:Given user enters the UTest platform [Santiago load [Santiago opens the U test page]], When user registers their data and their devices
| strName | strLastName | strEmail | strMonth | strDay | strYear | strCity | strState | strZIP | strCountry | strOS | strVersion | strLanguage | strMobile | strModel | strOsMobile | strPassword | strConfirmPassword |
| Santiago | Diaz Pinzon | santiagodiaz640@gmail.com | January | 7 | 1999 | Barcelona | Murcia | 08001 | Spain | Windows | 10 | Spanish | Xiaomi | Redmi 9A | Android 11 | Choucair2021* | Choucair2021* | [Santiago star registration [Santiago clicks on button to start registration], Santiago tell about your [Santiago enters 'Santiago' into when you write your first name, Santiago enters 'Diaz Pinzon' into when you write your last name, Santiago enters 'santiagodiaz640@gmail.com' into when you write your email, Santiago select January on when you write the month of birthday, Santiago select 7 on when you write the day of birthday, Santiago select 1999 on when you write the year of birthday, Santiago clicks on button to go to the next step], Santiago add your [Santiago clicks on when you write the city in which you live, Santiago enters 'Barcelona' into when you write the city in which you live, Santiago enters ARROW_DOWN,ENTER into when you write the city in which you live, Santiago enters ENTER into when you write the city in which you live, Santiago clicks on when you write the zip code of the city, Santiago enters '08001' into when you write the zip code of the city, Santiago clicks on when you select the country in the drop down list, Santiago enters 'Spain',ENTER into select your country, Santiago clicks on button to go to the next step], Santiago enter your [Santiago clicks on when you select the computer's operating system in the drop down list , Santiago enters 'Windows',ENTER into select your operating system, Santiago clicks on when you select the computer's version in the drop down list, Santiago enters '10',ENTER into select your version, Santiago clicks on when you select the language in the drop down list, Santiago enters 'Spanish',ENTER into select your language, Santiago clicks on when you select the mobile device in the drop down list, Santiago enters 'Xiaomi',ENTER into select your mobile device, Santiago clicks on when you select the mobile device's model in the drop down list, Santiago enters 'Redmi 9A',ENTER into select your mobile, Santiago clicks on when you select the mobile device's operating system in the drop down list, Santiago enters 'Android 11',ENTER into select the operative system, Santiago clicks on button to go to the next step], Santiago implement the [Santiago enters 'Choucair2021*' into when you write your password, Santiago enters 'Choucair2021*' into when you to confirm your password]]
[Test worker] WARN net.thucydides.core.steps.BaseStepListener - stepStarted: net.thucydides.core.steps.ExecutedStepDescription@491f8831
[Test worker] WARN net.thucydides.core.steps.BaseStepListener - stepFinished: current outcome:successful account creation:Given user enters the UTest platform [Santiago load [Santiago opens the U test page]], When user registers their data and their devices
| strName | strLastName | strEmail | strMonth | strDay | strYear | strCity | strState | strZIP | strCountry | strOS | strVersion | strLanguage | strMobile | strModel | strOsMobile | strPassword | strConfirmPassword |
| Santiago | Diaz Pinzon | santiagodiaz640@gmail.com | January | 7 | 1999 | Barcelona | Murcia | 08001 | Spain | Windows | 10 | Spanish | Xiaomi | Redmi 9A | Android 11 | Choucair2021* | Choucair2021* | [Santiago star registration [Santiago clicks on button to start registration], Santiago tell about your [Santiago enters 'Santiago' into when you write your first name, Santiago enters 'Diaz Pinzon' into when you write your last name, Santiago enters 'santiagodiaz640@gmail.com' into when you write your email, Santiago select January on when you write the month of birthday, Santiago select 7 on when you write the day of birthday, Santiago select 1999 on when you write the year of birthday, Santiago clicks on button to go to the next step], Santiago add your [Santiago clicks on when you write the city in which you live, Santiago enters 'Barcelona' into when you write the city in which you live, Santiago enters ARROW_DOWN,ENTER into when you write the city in which you live, Santiago enters ENTER into when you write the city in which you live, Santiago clicks on when you write the zip code of the city, Santiago enters '08001' into when you write the zip code of the city, Santiago clicks on when you select the country in the drop down list, Santiago enters 'Spain',ENTER into select your country, Santiago clicks on button to go to the next step], Santiago enter your [Santiago clicks on when you select the computer's operating system in the drop down list , Santiago enters 'Windows',ENTER into select your operating system, Santiago clicks on when you select the computer's version in the drop down list, Santiago enters '10',ENTER into select your version, Santiago clicks on when you select the language in the drop down list, Santiago enters 'Spanish',ENTER into select your language, Santiago clicks on when you select the mobile device in the drop down list, Santiago enters 'Xiaomi',ENTER into select your mobile device, Santiago clicks on when you select the mobile device's model in the drop down list, Santiago enters 'Redmi 9A',ENTER into select your mobile, Santiago clicks on when you select the mobile device's operating system in the drop down list, Santiago enters 'Android 11',ENTER into select the operative system, Santiago clicks on button to go to the next step], Santiago implement the [Santiago enters 'Choucair2021*' into when you write your password, Santiago enters 'Choucair2021*' into when you to confirm your password, Santiago clicks on when you accept stay informed]]
[Test worker] WARN net.thucydides.core.steps.BaseStepListener - stepStarted: net.thucydides.core.steps.ExecutedStepDescription@13250132
[Test worker] WARN net.thucydides.core.steps.BaseStepListener - stepFinished: current outcome:successful account creation:Given user enters the UTest platform [Santiago load [Santiago opens the U test page]], When user registers their data and their devices
| strName | strLastName | strEmail | strMonth | strDay | strYear | strCity | strState | strZIP | strCountry | strOS | strVersion | strLanguage | strMobile | strModel | strOsMobile | strPassword | strConfirmPassword |
| Santiago | Diaz Pinzon | santiagodiaz640@gmail.com | January | 7 | 1999 | Barcelona | Murcia | 08001 | Spain | Windows | 10 | Spanish | Xiaomi | Redmi 9A | Android 11 | Choucair2021* | Choucair2021* | [Santiago star registration [Santiago clicks on button to start registration], Santiago tell about your [Santiago enters 'Santiago' into when you write your first name, Santiago enters 'Diaz Pinzon' into when you write your last name, Santiago enters 'santiagodiaz640@gmail.com' into when you write your email, Santiago select January on when you write the month of birthday, Santiago select 7 on when you write the day of birthday, Santiago select 1999 on when you write the year of birthday, Santiago clicks on button to go to the next step], Santiago add your [Santiago clicks on when you write the city in which you live, Santiago enters 'Barcelona' into when you write the city in which you live, Santiago enters ARROW_DOWN,ENTER into when you write the city in which you live, Santiago enters ENTER into when you write the city in which you live, Santiago clicks on when you write the zip code of the city, Santiago enters '08001' into when you write the zip code of the city, Santiago clicks on when you select the country in the drop down list, Santiago enters 'Spain',ENTER into select your country, Santiago clicks on button to go to the next step], Santiago enter your [Santiago clicks on when you select the computer's operating system in the drop down list , Santiago enters 'Windows',ENTER into select your operating system, Santiago clicks on when you select the computer's version in the drop down list, Santiago enters '10',ENTER into select your version, Santiago clicks on when you select the language in the drop down list, Santiago enters 'Spanish',ENTER into select your language, Santiago clicks on when you select the mobile device in the drop down list, Santiago enters 'Xiaomi',ENTER into select your mobile device, Santiago clicks on when you select the mobile device's model in the drop down list, Santiago enters 'Redmi 9A',ENTER into select your mobile, Santiago clicks on when you select the mobile device's operating system in the drop down list, Santiago enters 'Android 11',ENTER into select the operative system, Santiago clicks on button to go to the next step], Santiago implement the [Santiago enters 'Choucair2021*' into when you write your password, Santiago enters 'Choucair2021*' into when you to confirm your password, Santiago clicks on when you accept stay informed, Santiago clicks on when you accept the terms of use]]
[Test worker] WARN net.thucydides.core.steps.BaseStepListener - stepStarted: net.thucydides.core.steps.ExecutedStepDescription@448c92fc
[Test worker] WARN net.thucydides.core.steps.BaseStepListener - stepFinished: current outcome:successful account creation:Given user enters the UTest platform [Santiago load [Santiago opens the U test page]], When user registers their data and their devices
[...]
| strName | strLastName | strEmail | strMonth | strDay | strYear | strCity | strState | strZIP | strCountry | strOS | strVersion | strLanguage | strMobile | strModel | strOsMobile | strPassword | strConfirmPassword |
| Santiago | Diaz Pinzon | santiagodiaz640@gmail.com | January | 7 | 1999 | Barcelona | Murcia | 08001 | Spain | Windows | 10 | Spanish | Xiaomi | Redmi 9A | Android 11 | Choucair2021* | Choucair2021* | [Santiago star registration [Santiago clicks on button to start registration], Santiago tell about your [Santiago enters 'Santiago' into when you write your first name, Santiago enters 'Diaz Pinzon' into when you write your last name, Santiago enters 'santiagodiaz640@gmail.com' into when you write your email, Santiago select January on when you write the month of birthday, Santiago select 7 on when you write the day of birthday, Santiago select 1999 on when you write the year of birthday, Santiago clicks on button to go to the next step], Santiago add your [Santiago clicks on when you write the city in which you live, Santiago enters 'Barcelona' into when you write the city in which you live, Santiago enters ARROW_DOWN,ENTER into when you write the city in which you live, Santiago enters ENTER into when you write the city in which you live, Santiago clicks on when you write the zip code of the city, Santiago enters '08001' into when you write the zip code of the city, Santiago clicks on when you select the country in the drop down list, Santiago enters 'Spain',ENTER into select your country, Santiago clicks on button to go to the next step], Santiago enter your [Santiago clicks on when you select the computer's operating system in the drop down list , Santiago enters 'Windows',ENTER into select your operating system, Santiago clicks on when you select the computer's version in the drop down list, Santiago enters '10',ENTER into select your version, Santiago clicks on when you select the language in the drop down list, Santiago enters 'Spanish',ENTER into select your language, Santiago clicks on when you select the mobile device in the drop down list, Santiago enters 'Xiaomi',ENTER into select your mobile device, Santiago clicks on when you select the mobile device's model in the drop down list, Santiago enters 'Redmi 9A',ENTER into select your mobile, Santiago clicks on when you select the mobile device's operating system in the drop down list, Santiago enters 'Android 11',ENTER into select the operative system, Santiago clicks on button to go to the next step], Santiago implement the [Santiago enters 'Choucair2021*' into when you write your password, Santiago enters 'Choucair2021*' into when you to confirm your password, Santiago clicks on when you accept stay informed, Santiago clicks on when you accept the terms of use, Santiago clicks on when you accept privacy and security policy]]
[Test worker] WARN net.thucydides.core.steps.BaseStepListener - stepStarted: net.thucydides.core.steps.ExecutedStepDescription@5b0dbfb
[Test worker] WARN net.thucydides.core.steps.BaseStepListener - stepStarted: net.thucydides.core.steps.ExecutedStepDescription@3dec3f87
[Test worker] WARN net.thucydides.core.steps.BaseStepListener - stepFinished: current outcome:successful account creation:Given user enters the UTest platform [Santiago load [Santiago opens the U test page]], When user registers their data and their devices
| strName | strLastName | strEmail | strMonth | strDay | strYear | strCity | strState | strZIP | strCountry | strOS | strVersion | strLanguage | strMobile | strModel | strOsMobile | strPassword | strConfirmPassword |
| Santiago | Diaz Pinzon | santiagodiaz640@gmail.com | January | 7 | 1999 | Barcelona | Murcia | 08001 | Spain | Windows | 10 | Spanish | Xiaomi | Redmi 9A | Android 11 | Choucair2021* | Choucair2021* | [Santiago star registration [Santiago clicks on button to start registration], Santiago tell about your [Santiago enters 'Santiago' into when you write your first name, Santiago enters 'Diaz Pinzon' into when you write your last name, Santiago enters 'santiagodiaz640@gmail.com' into when you write your email, Santiago select January on when you write the month of birthday, Santiago select 7 on when you write the day of birthday, Santiago select 1999 on when you write the year of birthday, Santiago clicks on button to go to the next step], Santiago add your [Santiago clicks on when you write the city in which you live, Santiago enters 'Barcelona' into when you write the city in which you live, Santiago enters ARROW_DOWN,ENTER into when you write the city in which you live, Santiago enters ENTER into when you write the city in which you live, Santiago clicks on when you write the zip code of the city, Santiago enters '08001' into when you write the zip code of the city, Santiago clicks on when you select the country in the drop down list, Santiago enters 'Spain',ENTER into select your country, Santiago clicks on button to go to the next step], Santiago enter your [Santiago clicks on when you select the computer's operating system in the drop down list , Santiago enters 'Windows',ENTER into select your operating system, Santiago clicks on when you select the computer's version in the drop down list, Santiago enters '10',ENTER into select your version, Santiago clicks on when you select the language in the drop down list, Santiago enters 'Spanish',ENTER into select your language, Santiago clicks on when you select the mobile device in the drop down list, Santiago enters 'Xiaomi',ENTER into select your mobile device, Santiago clicks on when you select the mobile device's model in the drop down list, Santiago enters 'Redmi 9A',ENTER into select your mobile, Santiago clicks on when you select the mobile device's operating system in the drop down list, Santiago enters 'Android 11',ENTER into select the operative system, Santiago clicks on button to go to the next step], Santiago implement the [Santiago enters 'Choucair2021*' into when you write your password, Santiago enters 'Choucair2021*' into when you to confirm your password, Santiago clicks on when you accept stay informed, Santiago clicks on when you accept the terms of use, Santiago clicks on when you accept privacy and security policy]], Then user sees the button called
| strNameButton |
| Complete Setup | [Then the last step]
[Test worker] WARN net.thucydides.core.steps.BaseStepListener - stepFinished: current outcome:successful account creation:Given user enters the UTest platform [Santiago load [Santiago opens the U test page]], When user registers their data and their devices
| strName | strLastName | strEmail | strMonth | strDay | strYear | strCity | strState | strZIP | strCountry | strOS | strVersion | strLanguage | strMobile | strModel | strOsMobile | strPassword | strConfirmPassword |
| Santiago | Diaz Pinzon | santiagodiaz640@gmail.com | January | 7 | 1999 | Barcelona | Murcia | 08001 | Spain | Windows | 10 | Spanish | Xiaomi | Redmi 9A | Android 11 | Choucair2021* | Choucair2021* | [Santiago star registration [Santiago clicks on button to start registration], Santiago tell about your [Santiago enters 'Santiago' into when you write your first name, Santiago enters 'Diaz Pinzon' into when you write your last name, Santiago enters 'santiagodiaz640@gmail.com' into when you write your email, Santiago select January on when you write the month of birthday, Santiago select 7 on when you write the day of birthday, Santiago select 1999 on when you write the year of birthday, Santiago clicks on button to go to the next step], Santiago add your [Santiago clicks on when you write the city in which you live, Santiago enters 'Barcelona' into when you write the city in which you live, Santiago enters ARROW_DOWN,ENTER into when you write the city in which you live, Santiago enters ENTER into when you write the city in which you live, Santiago clicks on when you write the zip code of the city, Santiago enters '08001' into when you write the zip code of the city, Santiago clicks on when you select the country in the drop down list, Santiago enters 'Spain',ENTER into select your country, Santiago clicks on button to go to the next step], Santiago enter your [Santiago clicks on when you select the computer's operating system in the drop down list , Santiago enters 'Windows',ENTER into select your operating system, Santiago clicks on when you select the computer's version in the drop down list, Santiago enters '10',ENTER into select your version, Santiago clicks on when you select the language in the drop down list, Santiago enters 'Spanish',ENTER into select your language, Santiago clicks on when you select the mobile device in the drop down list, Santiago enters 'Xiaomi',ENTER into select your mobile device, Santiago clicks on when you select the mobile device's model in the drop down list, Santiago enters 'Redmi 9A',ENTER into select your mobile, Santiago clicks on when you select the mobile device's operating system in the drop down list, Santiago enters 'Android 11',ENTER into select the operative system, Santiago clicks on button to go to the next step], Santiago implement the [Santiago enters 'Choucair2021*' into when you write your password, Santiago enters 'Choucair2021*' into when you to confirm your password, Santiago clicks on when you accept stay informed, Santiago clicks on when you accept the terms of use, Santiago clicks on when you accept privacy and security policy]], Then user sees the button called
| strNameButton |
| Complete Setup | [Then the last step]
[Test worker] WARN net.thucydides.core.steps.BaseStepListener - testFinished: successful account creation:Given user enters the UTest platform [Santiago load [Santiago opens the U test page]], When user registers their data and their devices
| strName | strLastName | strEmail | strMonth | strDay | strYear | strCity | strState | strZIP | strCountry | strOS | strVersion | strLanguage | strMobile | strModel | strOsMobile | strPassword | strConfirmPassword |
| Santiago | Diaz Pinzon | santiagodiaz640@gmail.com | January | 7 | 1999 | Barcelona | Murcia | 08001 | Spain | Windows | 10 | Spanish | Xiaomi | Redmi 9A | Android 11 | Choucair2021* | Choucair2021* | [Santiago star registration [Santiago clicks on button to start registration], Santiago tell about your [Santiago enters 'Santiago' into when you write your first name, Santiago enters 'Diaz Pinzon' into when you write your last name, Santiago enters 'santiagodiaz640@gmail.com' into when you write your email, Santiago select January on when you write the month of birthday, Santiago select 7 on when you write the day of birthday, Santiago select 1999 on when you write the year of birthday, Santiago clicks on button to go to the next step], Santiago add your [Santiago clicks on when you write the city in which you live, Santiago enters 'Barcelona' into when you write the city in which you live, Santiago enters ARROW_DOWN,ENTER into when you write the city in which you live, Santiago enters ENTER into when you write the city in which you live, Santiago clicks on when you write the zip code of the city, Santiago enters '08001' into when you write the zip code of the city, Santiago clicks on when you select the country in the drop down list, Santiago enters 'Spain',ENTER into select your country, Santiago clicks on button to go to the next step], Santiago enter your [Santiago clicks on when you select the computer's operating system in the drop down list , Santiago enters 'Windows',ENTER into select your operating system, Santiago clicks on when you select the computer's version in the drop down list, Santiago enters '10',ENTER into select your version, Santiago clicks on when you select the language in the drop down list, Santiago enters 'Spanish',ENTER into select your language, Santiago clicks on when you select the mobile device in the drop down list, Santiago enters 'Xiaomi',ENTER into select your mobile device, Santiago clicks on when you select the mobile device's model in the drop down list, Santiago enters 'Redmi 9A',ENTER into select your mobile, Santiago clicks on when you select the mobile device's operating system in the drop down list, Santiago enters 'Android 11',ENTER into select the operative system, Santiago clicks on button to go to the next step], Santiago implement the [Santiago enters 'Choucair2021*' into when you write your password, Santiago enters 'Choucair2021*' into when you to confirm your password, Santiago clicks on when you accept stay informed, Santiago clicks on when you accept the terms of use, Santiago clicks on when you accept privacy and security policy]], Then user sees the button called
| strNameButton |
| Complete Setup | [Then the last step]
[Test worker] WARN net.thucydides.core.steps.BaseStepListener - TestOutcomes: [successful account creation:Given user enters the UTest platform [Santiago load [Santiago opens the U test page]], When user registers their data and their devices
| strName | strLastName | strEmail | strMonth | strDay | strYear | strCity | strState | strZIP | strCountry | strOS | strVersion | strLanguage | strMobile | strModel | strOsMobile | strPassword | strConfirmPassword |
| Santiago | Diaz Pinzon | santiagodiaz640@gmail.com | January | 7 | 1999 | Barcelona | Murcia | 08001 | Spain | Windows | 10 | Spanish | Xiaomi | Redmi 9A | Android 11 | Choucair2021* | Choucair2021* | [Santiago star registration [Santiago clicks on button to start registration], Santiago tell about your [Santiago enters 'Santiago' into when you write your first name, Santiago enters 'Diaz Pinzon' into when you write your last name, Santiago enters 'santiagodiaz640@gmail.com' into when you write your email, Santiago select January on when you write the month of birthday, Santiago select 7 on when you write the day of birthday, Santiago select 1999 on when you write the year of birthday, Santiago clicks on button to go to the next step], Santiago add your [Santiago clicks on when you write the city in which you live, Santiago enters 'Barcelona' into when you write the city in which you live, Santiago enters ARROW_DOWN,ENTER into when you write the city in which you live, Santiago enters ENTER into when you write the city in which you live, Santiago clicks on when you write the zip code of the city, Santiago enters '08001' into when you write the zip code of the city, Santiago clicks on when you select the country in the drop down list, Santiago enters 'Spain',ENTER into select your country, Santiago clicks on button to go to the next step], Santiago enter your [Santiago clicks on when you select the computer's operating system in the drop down list , Santiago enters 'Windows',ENTER into select your operating system, Santiago clicks on when you select the computer's version in the drop down list, Santiago enters '10',ENTER into select your version, Santiago clicks on when you select the language in the drop down list, Santiago enters 'Spanish',ENTER into select your language, Santiago clicks on when you select the mobile device in the drop down list, Santiago enters 'Xiaomi',ENTER into select your mobile device, Santiago clicks on when you select the mobile device's model in the drop down list, Santiago enters 'Redmi 9A',ENTER into select your mobile, Santiago clicks on when you select the mobile device's operating system in the drop down list, Santiago enters 'Android 11',ENTER into select the operative system, Santiago clicks on button to go to the next step], Santiago implement the [Santiago enters 'Choucair2021*' into when you write your password, Santiago enters 'Choucair2021*' into when you to confirm your password, Santiago clicks on when you accept stay informed, Santiago clicks on when you accept the terms of use, Santiago clicks on when you accept privacy and security policy]], Then user sees the button called
| strNameButton |
| Complete Setup | [Then the last step]]
[Test worker] WARN net.thucydides.core.steps.BaseStepListener - Final testOutcomes: [successful account creation:Given user enters the UTest platform [Santiago load [Santiago opens the U test page]], When user registers their data and their devices
| strName | strLastName | strEmail | strMonth | strDay | strYear | strCity | strState | strZIP | strCountry | strOS | strVersion | strLanguage | strMobile | strModel | strOsMobile | strPassword | strConfirmPassword |
| Santiago | Diaz Pinzon | santiagodiaz640@gmail.com | January | 7 | 1999 | Barcelona | Murcia | 08001 | Spain | Windows | 10 | Spanish | Xiaomi | Redmi 9A | Android 11 | Choucair2021* | Choucair2021* | [Santiago star registration [Santiago clicks on button to start registration], Santiago tell about your [Santiago enters 'Santiago' into when you write your first name, Santiago enters 'Diaz Pinzon' into when you write your last name, Santiago enters 'santiagodiaz640@gmail.com' into when you write your email, Santiago select January on when you write the month of birthday, Santiago select 7 on when you write the day of birthday, Santiago select 1999 on when you write the year of birthday, Santiago clicks on button to go to the next step], Santiago add your [Santiago clicks on when you write the city in which you live, Santiago enters 'Barcelona' into when you write the city in which you live, Santiago enters ARROW_DOWN,ENTER into when you write the city in which you live, Santiago enters ENTER into when you write the city in which you live, Santiago clicks on when you write the zip code of the city, Santiago enters '08001' into when you write the zip code of the city, Santiago clicks on when you select the country in the drop down list, Santiago enters 'Spain',ENTER into select your country, Santiago clicks on button to go to the next step], Santiago enter your [Santiago clicks on when you select the computer's operating system in the drop down list , Santiago enters 'Windows',ENTER into select your operating system, Santiago clicks on when you select the computer's version in the drop down list, Santiago enters '10',ENTER into select your version, Santiago clicks on when you select the language in the drop down list, Santiago enters 'Spanish',ENTER into select your language, Santiago clicks on when you select the mobile device in the drop down list, Santiago enters 'Xiaomi',ENTER into select your mobile device, Santiago clicks on when you select the mobile device's model in the drop down list, Santiago enters 'Redmi 9A',ENTER into select your mobile, Santiago clicks on when you select the mobile device's operating system in the drop down list, Santiago enters 'Android 11',ENTER into select the operative system, Santiago clicks on button to go to the next step], Santiago implement the [Santiago enters 'Choucair2021*' into when you write your password, Santiago enters 'Choucair2021*' into when you to confirm your password, Santiago clicks on when you accept stay informed, Santiago clicks on when you accept the terms of use, Santiago clicks on when you accept privacy and security policy]], Then user sees the button called
| strNameButton |
| Complete Setup | [Then the last step]]
[Test worker] INFO net.thucydides.core.steps.ConsoleLoggingListener - 
        __    _____ _____ ____ _____   ____   _    ____  ____  _____ ____  
  _     \ \  |_   _| ____/ ___|_   _| |  _ \ / \  / ___|/ ___|| ____|  _ \ 
 (_)_____| |   | | |  _| \___ \ | |   | |_) / _ \ \___ \\___ \|  _| | | | |
  _|_____| |   | | | |___ ___) || |   |  __/ ___ \ ___) |___) | |___| |_| |
 (_)     | |   |_| |_____|____/ |_|   |_| /_/   \_\____/|____/|_____|____/ 
        /_/                                                                

TEST PASSED: successful account creation
----------------------------------------------------------------------------
]]></system-err>
</testsuite>
